<?xml version="1.0" encoding="UTF-8"?>
<testsuite xmlns:xsi="http://www.w3.org/2001/XMLSchema-instance" xsi:noNamespaceSchemaLocation="https://maven.apache.org/surefire/maven-surefire-plugin/xsd/surefire-test-report-3.0.xsd" version="3.0" name="com.cuecolab.cuecolab.backend.service.UserServiceImplTest" time="1.006" tests="6" errors="0" skipped="0" failures="0">
  <properties>
[...]
</properties>
  <testcase name="userDowngrade_setsProFalseAndReturnsMessage" classname="com.cuecolab.cuecolab.backend.service.UserServiceImplTest" time="0.951">
    <system-out><![CDATA[Standard Commons Logging discovery in action with spring-jcl: please remove commons-logging.jar from classpath in order to avoid potential conflicts
]]></system-out>
  </testcase>
  <testcase name="userAccountDelete_deletesByEmailAndReturnsMessage" classname="com.cuecolab.cuecolab.backend.service.UserServiceImplTest" time="0.005"/>
  <testcase name="getUserAccountDetails_returnsExpectedDto" classname="com.cuecolab.cuecolab.backend.service.UserServiceImplTest" time="0.009"/>
  <testcase name="userUpgrade_setsProTrueAndReturnsMessage" classname="com.cuecolab.cuecolab.backend.service.UserServiceImplTest" time="0.003"/>
  <testcase name="getDestinationList_returnsConvertedDestinationDtos" classname="com.cuecolab.cuecolab.backend.service.UserServiceImplTest" time="0.012"/>
  <testcase name="getUserSubscriptionStatus_returnsProFlag" classname="com.cuecolab.cuecolab.backend.service.UserServiceImplTest" time="0.003"/>
</testsuite>